<?xml version="1.0" encoding="UTF-8"?>
<!-- Generated by org.testng.reporters.JUnitXMLReporter -->
<testsuite hostname="ip-172-31-17-36" ignored="5" name="Test" tests="3" failures="0" timestamp="15 Apr 2023 07:03:39 GMT" time="0.066" errors="0">
  <testcase name="test4" time="0.005" classname="TestCases.Creditcard"/>
  <testcase name="test3" time="0.003" classname="TestCases.CarLoanTest"/>
  <testcase name="test2" time="0.001" classname="TestCases.HomeLoanTest"/>
  <testcase name="@AfterTest method4" time="0.0" classname="TestCases.BaseClass">
    <ignored/>
  </testcase> <!-- @AfterTest method4 -->
  <testcase name="@AfterTest method4" time="0.0" classname="TestCases.BaseClass">
    <ignored/>
  </testcase> <!-- @AfterTest method4 -->
  <testcase name="@BeforeTest method3" time="0.0" classname="TestCases.BaseClass">
    <ignored/>
  </testcase> <!-- @BeforeTest method3 -->
  <testcase name="@BeforeTest method3" time="0.0" classname="TestCases.BaseClass">
    <ignored/>
  </testcase> <!-- @BeforeTest method3 -->
  <testcase name="test1" time="0.0" classname="TestCases.HomeLoanTest">
    <ignored/>
  </testcase> <!-- test1 -->
</testsuite> <!-- Test -->
