<?xml version="1.0" encoding="UTF-8"?>
<testsuite xmlns:xsi="http://www.w3.org/2001/XMLSchema-instance" xsi:noNamespaceSchemaLocation="https://maven.apache.org/surefire/maven-surefire-plugin/xsd/surefire-test-report-3.0.xsd" version="3.0" name="TestSuite" time="0.672" tests="3" errors="0" skipped="0" failures="0">
  <properties>
[...]
</properties>
  <testcase name="test4" classname="TestCases.Creditcard" time="0.002">
    <system-out><![CDATA[[TestNGContentHandler] [WARN] It is strongly recommended to add "<!DOCTYPE suite SYSTEM "http://testng.org/testng-1.0.dtd" >" at the top of your file, otherwise TestNG may fail or not work as expected.
Inside the before test
Inside the before method
Inside credit card test4
]]></system-out>
  </testcase>
  <testcase name="test3" classname="TestCases.CarLoanTest" time="0.001">
    <system-out><![CDATA[Inside the after method
Inside the before method
Inside car laon test3
]]></system-out>
  </testcase>
  <testcase name="test2" classname="TestCases.HomeLoanTest" time="0.002">
    <system-out><![CDATA[Inside the after method
Inside the before method
Inside Home Loan test2
]]></system-out>
  </testcase>
</testsuite>