<?xml version="1.0" encoding="UTF-8"?>
<testng-results skipped="0" failed="0" ignored="5" total="8" passed="3">
  <reporter-output>
  </reporter-output>
  <suite name="Regression" duration-ms="39" started-at="2023-04-16T04:51:26Z" finished-at="2023-04-16T04:51:26Z">
    <groups>
      <group name="sanity">
        <method signature="Creditcard.test4()[pri:0, instance:TestCases.Creditcard@694e1548]" name="test4" class="TestCases.Creditcard"/>
        <method signature="HomeLoanTest.test2()[pri:0, instance:TestCases.HomeLoanTest@3fd7a715]" name="test2" class="TestCases.HomeLoanTest"/>
      </group> <!-- sanity -->
    </groups>
    <test name="Test" duration-ms="39" started-at="2023-04-16T04:51:26Z" finished-at="2023-04-16T04:51:26Z">
      <class name="TestCases.HomeLoanTest">
        <test-method status="PASS" signature="method1()[pri:0, instance:TestCases.HomeLoanTest@3fd7a715]" name="method1" is-config="true" duration-ms="0" started-at="2023-04-16T04:51:26Z" finished-at="2023-04-16T04:51:26Z">
          <reporter-output>
          </reporter-output>
        </test-method> <!-- method1 -->
        <test-method status="PASS" signature="test2()[pri:0, instance:TestCases.HomeLoanTest@3fd7a715]" name="test2" duration-ms="1" started-at="2023-04-16T04:51:26Z" finished-at="2023-04-16T04:51:26Z">
          <reporter-output>
          </reporter-output>
        </test-method> <!-- test2 -->
        <test-method status="PASS" signature="method2()[pri:0, instance:TestCases.HomeLoanTest@3fd7a715]" name="method2" is-config="true" duration-ms="0" started-at="2023-04-16T04:51:26Z" finished-at="2023-04-16T04:51:26Z">
          <reporter-output>
          </reporter-output>
        </test-method> <!-- method2 -->
      </class> <!-- TestCases.HomeLoanTest -->
      <class name="TestCases.Creditcard">
        <test-method status="PASS" signature="method3()[pri:0, instance:TestCases.Creditcard@694e1548]" name="method3" is-config="true" duration-ms="9" started-at="2023-04-16T04:51:26Z" finished-at="2023-04-16T04:51:26Z">
          <reporter-output>
          </reporter-output>
        </test-method> <!-- method3 -->
        <test-method status="PASS" signature="method1()[pri:0, instance:TestCases.Creditcard@694e1548]" name="method1" is-config="true" duration-ms="1" started-at="2023-04-16T04:51:26Z" finished-at="2023-04-16T04:51:26Z">
          <reporter-output>
          </reporter-output>
        </test-method> <!-- method1 -->
        <test-method status="PASS" signature="test4()[pri:0, instance:TestCases.Creditcard@694e1548]" name="test4" duration-ms="5" started-at="2023-04-16T04:51:26Z" finished-at="2023-04-16T04:51:26Z">
          <reporter-output>
          </reporter-output>
        </test-method> <!-- test4 -->
        <test-method status="PASS" signature="method2()[pri:0, instance:TestCases.Creditcard@694e1548]" name="method2" is-config="true" duration-ms="0" started-at="2023-04-16T04:51:26Z" finished-at="2023-04-16T04:51:26Z">
          <reporter-output>
          </reporter-output>
        </test-method> <!-- method2 -->
        <test-method status="PASS" signature="method4()[pri:0, instance:TestCases.Creditcard@694e1548]" name="method4" is-config="true" duration-ms="0" started-at="2023-04-16T04:51:26Z" finished-at="2023-04-16T04:51:26Z">
          <reporter-output>
          </reporter-output>
        </test-method> <!-- method4 -->
      </class> <!-- TestCases.Creditcard -->
      <class name="TestCases.CarLoanTest">
        <test-method status="PASS" signature="method1()[pri:0, instance:TestCases.CarLoanTest@26aa12dd]" name="method1" is-config="true" duration-ms="0" started-at="2023-04-16T04:51:26Z" finished-at="2023-04-16T04:51:26Z">
          <reporter-output>
          </reporter-output>
        </test-method> <!-- method1 -->
        <test-method status="PASS" signature="test3()[pri:0, instance:TestCases.CarLoanTest@26aa12dd]" name="test3" duration-ms="1" started-at="2023-04-16T04:51:26Z" finished-at="2023-04-16T04:51:26Z">
          <reporter-output>
          </reporter-output>
        </test-method> <!-- test3 -->
        <test-method status="PASS" signature="method2()[pri:0, instance:TestCases.CarLoanTest@26aa12dd]" name="method2" is-config="true" duration-ms="0" started-at="2023-04-16T04:51:26Z" finished-at="2023-04-16T04:51:26Z">
          <reporter-output>
          </reporter-output>
        </test-method> <!-- method2 -->
      </class> <!-- TestCases.CarLoanTest -->
    </test> <!-- Test -->
  </suite> <!-- Regression -->
</testng-results>
